Vivado Simulator v2023.2
Copyright 1986-2022 Xilinx, Inc. All Rights Reserved.
Copyright 2022-2023 Advanced Micro Devices, Inc. All Rights Reserved.
Running: D:/Applications/Xilinx/Vivado/2023.2/bin/unwrapped/win64.o/xelab.exe --incr --debug typical --relax --mt 2 -L xil_defaultlib -L uvm -L xilinx_vip -L unisims_ver -L unimacro_ver -L secureip -L xpm --snapshot tb_systolic_array_core_behav xil_defaultlib.tb_systolic_array_core xil_defaultlib.glbl -log elaborate.log 
Using 2 slave threads.
Starting static elaboration
Pass Through NonSizing Optimizer
Completed static elaboration
Starting simulation data flow analysis
WARNING: [XSIM 43-4099] "D:/Yash/KGP/hardware_project/vivado_ws/rtl/systolic_array_core.sv" Line 2. Module systolic_array_core_default doesn't have a timescale but at least one module in design has a timescale.
WARNING: [XSIM 43-4099] "D:/Yash/KGP/hardware_project/vivado_ws/rtl/processing_element_ws.v" Line 67. Module processing_element_ws doesn't have a timescale but at least one module in design has a timescale.
WARNING: [XSIM 43-4099] "D:/Yash/KGP/hardware_project/vivado_ws/rtl/processing_element_ws.v" Line 67. Module processing_element_ws doesn't have a timescale but at least one module in design has a timescale.
WARNING: [XSIM 43-4099] "D:/Yash/KGP/hardware_project/vivado_ws/rtl/processing_element_ws.v" Line 67. Module processing_element_ws doesn't have a timescale but at least one module in design has a timescale.
WARNING: [XSIM 43-4099] "D:/Yash/KGP/hardware_project/vivado_ws/rtl/processing_element_ws.v" Line 67. Module processing_element_ws doesn't have a timescale but at least one module in design has a timescale.
WARNING: [XSIM 43-4099] "D:/Yash/KGP/hardware_project/vivado_ws/rtl/processing_element_ws.v" Line 67. Module processing_element_ws doesn't have a timescale but at least one module in design has a timescale.
WARNING: [XSIM 43-4099] "D:/Yash/KGP/hardware_project/vivado_ws/rtl/processing_element_ws.v" Line 67. Module processing_element_ws doesn't have a timescale but at least one module in design has a timescale.
WARNING: [XSIM 43-4099] "D:/Yash/KGP/hardware_project/vivado_ws/rtl/processing_element_ws.v" Line 67. Module processing_element_ws doesn't have a timescale but at least one module in design has a timescale.
WARNING: [XSIM 43-4099] "D:/Yash/KGP/hardware_project/vivado_ws/rtl/processing_element_ws.v" Line 67. Module processing_element_ws doesn't have a timescale but at least one module in design has a timescale.
WARNING: [XSIM 43-4099] "D:/Yash/KGP/hardware_project/vivado_ws/rtl/processing_element_ws.v" Line 67. Module processing_element_ws doesn't have a timescale but at least one module in design has a timescale.
WARNING: [XSIM 43-4099] "D:/Yash/KGP/hardware_project/vivado_ws/rtl/processing_element_ws.v" Line 67. Module processing_element_ws doesn't have a timescale but at least one module in design has a timescale.
WARNING: [XSIM 43-4099] "D:/Yash/KGP/hardware_project/vivado_ws/rtl/processing_element_ws.v" Line 67. Module processing_element_ws doesn't have a timescale but at least one module in design has a timescale.
WARNING: [XSIM 43-4099] "D:/Yash/KGP/hardware_project/vivado_ws/rtl/processing_element_ws.v" Line 67. Module processing_element_ws doesn't have a timescale but at least one module in design has a timescale.
WARNING: [XSIM 43-4099] "D:/Yash/KGP/hardware_project/vivado_ws/rtl/processing_element_ws.v" Line 67. Module processing_element_ws doesn't have a timescale but at least one module in design has a timescale.
WARNING: [XSIM 43-4099] "D:/Yash/KGP/hardware_project/vivado_ws/rtl/processing_element_ws.v" Line 67. Module processing_element_ws doesn't have a timescale but at least one module in design has a timescale.
WARNING: [XSIM 43-4099] "D:/Yash/KGP/hardware_project/vivado_ws/rtl/processing_element_ws.v" Line 67. Module processing_element_ws doesn't have a timescale but at least one module in design has a timescale.
WARNING: [XSIM 43-4099] "D:/Yash/KGP/hardware_project/vivado_ws/rtl/processing_element_ws.v" Line 67. Module processing_element_ws doesn't have a timescale but at least one module in design has a timescale.
WARNING: [XSIM 43-4099] "D:/Yash/KGP/hardware_project/vivado_ws/rtl/processing_element_ws.v" Line 67. Module processing_element_ws doesn't have a timescale but at least one module in design has a timescale.
WARNING: [XSIM 43-4099] "D:/Yash/KGP/hardware_project/vivado_ws/rtl/processing_element_ws.v" Line 67. Module processing_element_ws doesn't have a timescale but at least one module in design has a timescale.
WARNING: [XSIM 43-4099] "D:/Yash/KGP/hardware_project/vivado_ws/rtl/processing_element_ws.v" Line 67. Module processing_element_ws doesn't have a timescale but at least one module in design has a timescale.
WARNING: [XSIM 43-4099] "D:/Yash/KGP/hardware_project/vivado_ws/rtl/processing_element_ws.v" Line 67. Module processing_element_ws doesn't have a timescale but at least one module in design has a timescale.
WARNING: [XSIM 43-4099] "D:/Yash/KGP/hardware_project/vivado_ws/rtl/processing_element_ws.v" Line 67. Module processing_element_ws doesn't have a timescale but at least one module in design has a timescale.
WARNING: [XSIM 43-4099] "D:/Yash/KGP/hardware_project/vivado_ws/rtl/processing_element_ws.v" Line 67. Module processing_element_ws doesn't have a timescale but at least one module in design has a timescale.
WARNING: [XSIM 43-4099] "D:/Yash/KGP/hardware_project/vivado_ws/rtl/processing_element_ws.v" Line 67. Module processing_element_ws doesn't have a timescale but at least one module in design has a timescale.
WARNING: [XSIM 43-4099] "D:/Yash/KGP/hardware_project/vivado_ws/rtl/processing_element_ws.v" Line 67. Module processing_element_ws doesn't have a timescale but at least one module in design has a timescale.
WARNING: [XSIM 43-4099] "D:/Yash/KGP/hardware_project/vivado_ws/rtl/processing_element_ws.v" Line 67. Module processing_element_ws doesn't have a timescale but at least one module in design has a timescale.
WARNING: [XSIM 43-4099] "D:/Yash/KGP/hardware_project/vivado_ws/rtl/processing_element_ws.v" Line 67. Module processing_element_ws doesn't have a timescale but at least one module in design has a timescale.
WARNING: [XSIM 43-4099] "D:/Yash/KGP/hardware_project/vivado_ws/rtl/processing_element_ws.v" Line 67. Module processing_element_ws doesn't have a timescale but at least one module in design has a timescale.
WARNING: [XSIM 43-4099] "D:/Yash/KGP/hardware_project/vivado_ws/rtl/processing_element_ws.v" Line 67. Module processing_element_ws doesn't have a timescale but at least one module in design has a timescale.
WARNING: [XSIM 43-4099] "D:/Yash/KGP/hardware_project/vivado_ws/rtl/processing_element_ws.v" Line 67. Module processing_element_ws doesn't have a timescale but at least one module in design has a timescale.
WARNING: [XSIM 43-4099] "D:/Yash/KGP/hardware_project/vivado_ws/rtl/processing_element_ws.v" Line 67. Module processing_element_ws doesn't have a timescale but at least one module in design has a timescale.
WARNING: [XSIM 43-4099] "D:/Yash/KGP/hardware_project/vivado_ws/rtl/processing_element_ws.v" Line 67. Module processing_element_ws doesn't have a timescale but at least one module in design has a timescale.
WARNING: [XSIM 43-4099] "D:/Yash/KGP/hardware_project/vivado_ws/rtl/processing_element_ws.v" Line 67. Module processing_element_ws doesn't have a timescale but at least one module in design has a timescale.
WARNING: [XSIM 43-4099] "D:/Yash/KGP/hardware_project/vivado_ws/rtl/processing_element_ws.v" Line 67. Module processing_element_ws doesn't have a timescale but at least one module in design has a timescale.
WARNING: [XSIM 43-4099] "D:/Yash/KGP/hardware_project/vivado_ws/rtl/processing_element_ws.v" Line 67. Module processing_element_ws doesn't have a timescale but at least one module in design has a timescale.
WARNING: [XSIM 43-4099] "D:/Yash/KGP/hardware_project/vivado_ws/rtl/processing_element_ws.v" Line 67. Module processing_element_ws doesn't have a timescale but at least one module in design has a timescale.
WARNING: [XSIM 43-4099] "D:/Yash/KGP/hardware_project/vivado_ws/rtl/processing_element_ws.v" Line 67. Module processing_element_ws doesn't have a timescale but at least one module in design has a timescale.
WARNING: [XSIM 43-4099] "D:/Yash/KGP/hardware_project/vivado_ws/rtl/processing_element_ws.v" Line 67. Module processing_element_ws doesn't have a timescale but at least one module in design has a timescale.
WARNING: [XSIM 43-4099] "D:/Yash/KGP/hardware_project/vivado_ws/rtl/processing_element_ws.v" Line 67. Module processing_element_ws doesn't have a timescale but at least one module in design has a timescale.
WARNING: [XSIM 43-4099] "D:/Yash/KGP/hardware_project/vivado_ws/rtl/processing_element_ws.v" Line 67. Module processing_element_ws doesn't have a timescale but at least one module in design has a timescale.
WARNING: [XSIM 43-4099] "D:/Yash/KGP/hardware_project/vivado_ws/rtl/processing_element_ws.v" Line 67. Module processing_element_ws doesn't have a timescale but at least one module in design has a timescale.
WARNING: [XSIM 43-4099] "D:/Yash/KGP/hardware_project/vivado_ws/rtl/processing_element_ws.v" Line 67. Module processing_element_ws doesn't have a timescale but at least one module in design has a timescale.
WARNING: [XSIM 43-4099] "D:/Yash/KGP/hardware_project/vivado_ws/rtl/processing_element_ws.v" Line 67. Module processing_element_ws doesn't have a timescale but at least one module in design has a timescale.
WARNING: [XSIM 43-4099] "D:/Yash/KGP/hardware_project/vivado_ws/rtl/processing_element_ws.v" Line 67. Module processing_element_ws doesn't have a timescale but at least one module in design has a timescale.
WARNING: [XSIM 43-4099] "D:/Yash/KGP/hardware_project/vivado_ws/rtl/processing_element_ws.v" Line 67. Module processing_element_ws doesn't have a timescale but at least one module in design has a timescale.
WARNING: [XSIM 43-4099] "D:/Yash/KGP/hardware_project/vivado_ws/rtl/processing_element_ws.v" Line 67. Module processing_element_ws doesn't have a timescale but at least one module in design has a timescale.
WARNING: [XSIM 43-4099] "D:/Yash/KGP/hardware_project/vivado_ws/rtl/processing_element_ws.v" Line 67. Module processing_element_ws doesn't have a timescale but at least one module in design has a timescale.
WARNING: [XSIM 43-4099] "D:/Yash/KGP/hardware_project/vivado_ws/rtl/processing_element_ws.v" Line 67. Module processing_element_ws doesn't have a timescale but at least one module in design has a timescale.
WARNING: [XSIM 43-4099] "D:/Yash/KGP/hardware_project/vivado_ws/rtl/processing_element_ws.v" Line 67. Module processing_element_ws doesn't have a timescale but at least one module in design has a timescale.
WARNING: [XSIM 43-4099] "D:/Yash/KGP/hardware_project/vivado_ws/rtl/processing_element_ws.v" Line 67. Module processing_element_ws doesn't have a timescale but at least one module in design has a timescale.
WARNING: [XSIM 43-4099] "D:/Yash/KGP/hardware_project/vivado_ws/rtl/processing_element_ws.v" Line 67. Module processing_element_ws doesn't have a timescale but at least one module in design has a timescale.
WARNING: [XSIM 43-4099] "D:/Yash/KGP/hardware_project/vivado_ws/rtl/processing_element_ws.v" Line 67. Module processing_element_ws doesn't have a timescale but at least one module in design has a timescale.
WARNING: [XSIM 43-4099] "D:/Yash/KGP/hardware_project/vivado_ws/rtl/processing_element_ws.v" Line 67. Module processing_element_ws doesn't have a timescale but at least one module in design has a timescale.
WARNING: [XSIM 43-4099] "D:/Yash/KGP/hardware_project/vivado_ws/rtl/processing_element_ws.v" Line 67. Module processing_element_ws doesn't have a timescale but at least one module in design has a timescale.
WARNING: [XSIM 43-4099] "D:/Yash/KGP/hardware_project/vivado_ws/rtl/processing_element_ws.v" Line 67. Module processing_element_ws doesn't have a timescale but at least one module in design has a timescale.
WARNING: [XSIM 43-4099] "D:/Yash/KGP/hardware_project/vivado_ws/rtl/processing_element_ws.v" Line 67. Module processing_element_ws doesn't have a timescale but at least one module in design has a timescale.
WARNING: [XSIM 43-4099] "D:/Yash/KGP/hardware_project/vivado_ws/rtl/processing_element_ws.v" Line 67. Module processing_element_ws doesn't have a timescale but at least one module in design has a timescale.
WARNING: [XSIM 43-4099] "D:/Yash/KGP/hardware_project/vivado_ws/rtl/processing_element_ws.v" Line 67. Module processing_element_ws doesn't have a timescale but at least one module in design has a timescale.
WARNING: [XSIM 43-4099] "D:/Yash/KGP/hardware_project/vivado_ws/rtl/processing_element_ws.v" Line 67. Module processing_element_ws doesn't have a timescale but at least one module in design has a timescale.
WARNING: [XSIM 43-4099] "D:/Yash/KGP/hardware_project/vivado_ws/rtl/processing_element_ws.v" Line 67. Module processing_element_ws doesn't have a timescale but at least one module in design has a timescale.
WARNING: [XSIM 43-4099] "D:/Yash/KGP/hardware_project/vivado_ws/rtl/processing_element_ws.v" Line 67. Module processing_element_ws doesn't have a timescale but at least one module in design has a timescale.
WARNING: [XSIM 43-4099] "D:/Yash/KGP/hardware_project/vivado_ws/rtl/processing_element_ws.v" Line 67. Module processing_element_ws doesn't have a timescale but at least one module in design has a timescale.
WARNING: [XSIM 43-4099] "D:/Yash/KGP/hardware_project/vivado_ws/rtl/processing_element_ws.v" Line 67. Module processing_element_ws doesn't have a timescale but at least one module in design has a timescale.
WARNING: [XSIM 43-4099] "D:/Yash/KGP/hardware_project/vivado_ws/rtl/processing_element_ws.v" Line 67. Module processing_element_ws doesn't have a timescale but at least one module in design has a timescale.
WARNING: [XSIM 43-4099] "D:/Yash/KGP/hardware_project/vivado_ws/rtl/processing_element_ws.v" Line 67. Module processing_element_ws doesn't have a timescale but at least one module in design has a timescale.
WARNING: [XSIM 43-4099] "D:/Yash/KGP/hardware_project/vivado_ws/rtl/systolic_array_core.sv" Line 2. Module systolic_array_core_default doesn't have a timescale but at least one module in design has a timescale.
WARNING: [XSIM 43-4099] "D:/Yash/KGP/hardware_project/vivado_ws/rtl/processing_element_ws.v" Line 67. Module processing_element_ws doesn't have a timescale but at least one module in design has a timescale.
WARNING: [XSIM 43-4099] "D:/Yash/KGP/hardware_project/vivado_ws/rtl/processing_element_ws.v" Line 67. Module processing_element_ws doesn't have a timescale but at least one module in design has a timescale.
WARNING: [XSIM 43-4099] "D:/Yash/KGP/hardware_project/vivado_ws/rtl/processing_element_ws.v" Line 67. Module processing_element_ws doesn't have a timescale but at least one module in design has a timescale.
WARNING: [XSIM 43-4099] "D:/Yash/KGP/hardware_project/vivado_ws/rtl/processing_element_ws.v" Line 67. Module processing_element_ws doesn't have a timescale but at least one module in design has a timescale.
WARNING: [XSIM 43-4099] "D:/Yash/KGP/hardware_project/vivado_ws/rtl/processing_element_ws.v" Line 67. Module processing_element_ws doesn't have a timescale but at least one module in design has a timescale.
WARNING: [XSIM 43-4099] "D:/Yash/KGP/hardware_project/vivado_ws/rtl/processing_element_ws.v" Line 67. Module processing_element_ws doesn't have a timescale but at least one module in design has a timescale.
WARNING: [XSIM 43-4099] "D:/Yash/KGP/hardware_project/vivado_ws/rtl/processing_element_ws.v" Line 67. Module processing_element_ws doesn't have a timescale but at least one module in design has a timescale.
WARNING: [XSIM 43-4099] "D:/Yash/KGP/hardware_project/vivado_ws/rtl/processing_element_ws.v" Line 67. Module processing_element_ws doesn't have a timescale but at least one module in design has a timescale.
WARNING: [XSIM 43-4099] "D:/Yash/KGP/hardware_project/vivado_ws/rtl/processing_element_ws.v" Line 67. Module processing_element_ws doesn't have a timescale but at least one module in design has a timescale.
WARNING: [XSIM 43-4099] "D:/Yash/KGP/hardware_project/vivado_ws/rtl/processing_element_ws.v" Line 67. Module processing_element_ws doesn't have a timescale but at least one module in design has a timescale.
WARNING: [XSIM 43-4099] "D:/Yash/KGP/hardware_project/vivado_ws/rtl/processing_element_ws.v" Line 67. Module processing_element_ws doesn't have a timescale but at least one module in design has a timescale.
WARNING: [XSIM 43-4099] "D:/Yash/KGP/hardware_project/vivado_ws/rtl/processing_element_ws.v" Line 67. Module processing_element_ws doesn't have a timescale but at least one module in design has a timescale.
WARNING: [XSIM 43-4099] "D:/Yash/KGP/hardware_project/vivado_ws/rtl/processing_element_ws.v" Line 67. Module processing_element_ws doesn't have a timescale but at least one module in design has a timescale.
WARNING: [XSIM 43-4099] "D:/Yash/KGP/hardware_project/vivado_ws/rtl/processing_element_ws.v" Line 67. Module processing_element_ws doesn't have a timescale but at least one module in design has a timescale.
WARNING: [XSIM 43-4099] "D:/Yash/KGP/hardware_project/vivado_ws/rtl/processing_element_ws.v" Line 67. Module processing_element_ws doesn't have a timescale but at least one module in design has a timescale.
WARNING: [XSIM 43-4099] "D:/Yash/KGP/hardware_project/vivado_ws/rtl/processing_element_ws.v" Line 67. Module processing_element_ws doesn't have a timescale but at least one module in design has a timescale.
WARNING: [XSIM 43-4099] "D:/Yash/KGP/hardware_project/vivado_ws/rtl/processing_element_ws.v" Line 67. Module processing_element_ws doesn't have a timescale but at least one module in design has a timescale.
WARNING: [XSIM 43-4099] "D:/Yash/KGP/hardware_project/vivado_ws/rtl/processing_element_ws.v" Line 67. Module processing_element_ws doesn't have a timescale but at least one module in design has a timescale.
WARNING: [XSIM 43-4099] "D:/Yash/KGP/hardware_project/vivado_ws/rtl/processing_element_ws.v" Line 67. Module processing_element_ws doesn't have a timescale but at least one module in design has a timescale.
WARNING: [XSIM 43-4099] "D:/Yash/KGP/hardware_project/vivado_ws/rtl/processing_element_ws.v" Line 67. Module processing_element_ws doesn't have a timescale but at least one module in design has a timescale.
WARNING: [XSIM 43-4099] "D:/Yash/KGP/hardware_project/vivado_ws/rtl/processing_element_ws.v" Line 67. Module processing_element_ws doesn't have a timescale but at least one module in design has a timescale.
WARNING: [XSIM 43-4099] "D:/Yash/KGP/hardware_project/vivado_ws/rtl/processing_element_ws.v" Line 67. Module processing_element_ws doesn't have a timescale but at least one module in design has a timescale.
WARNING: [XSIM 43-4099] "D:/Yash/KGP/hardware_project/vivado_ws/rtl/processing_element_ws.v" Line 67. Module processing_element_ws doesn't have a timescale but at least one module in design has a timescale.
WARNING: [XSIM 43-4099] "D:/Yash/KGP/hardware_project/vivado_ws/rtl/processing_element_ws.v" Line 67. Module processing_element_ws doesn't have a timescale but at least one module in design has a timescale.
WARNING: [XSIM 43-4099] "D:/Yash/KGP/hardware_project/vivado_ws/rtl/processing_element_ws.v" Line 67. Module processing_element_ws doesn't have a timescale but at least one module in design has a timescale.
WARNING: [XSIM 43-4099] "D:/Yash/KGP/hardware_project/vivado_ws/rtl/processing_element_ws.v" Line 67. Module processing_element_ws doesn't have a timescale but at least one module in design has a timescale.
WARNING: [XSIM 43-4099] "D:/Yash/KGP/hardware_project/vivado_ws/rtl/processing_element_ws.v" Line 67. Module processing_element_ws doesn't have a timescale but at least one module in design has a timescale.
WARNING: [XSIM 43-4099] "D:/Yash/KGP/hardware_project/vivado_ws/rtl/processing_element_ws.v" Line 67. Module processing_element_ws doesn't have a timescale but at least one module in design has a timescale.
WARNING: [XSIM 43-4099] "D:/Yash/KGP/hardware_project/vivado_ws/rtl/processing_element_ws.v" Line 67. Module processing_element_ws doesn't have a timescale but at least one module in design has a timescale.
WARNING: [XSIM 43-4099] "D:/Yash/KGP/hardware_project/vivado_ws/rtl/processing_element_ws.v" Line 67. Module processing_element_ws doesn't have a timescale but at least one module in design has a timescale.
WARNING: [XSIM 43-4099] "D:/Yash/KGP/hardware_project/vivado_ws/rtl/processing_element_ws.v" Line 67. Module processing_element_ws doesn't have a timescale but at least one module in design has a timescale.
WARNING: [XSIM 43-4099] "D:/Yash/KGP/hardware_project/vivado_ws/rtl/processing_element_ws.v" Line 67. Module processing_element_ws doesn't have a timescale but at least one module in design has a timescale.
WARNING: [XSIM 43-4099] "D:/Yash/KGP/hardware_project/vivado_ws/rtl/processing_element_ws.v" Line 67. Module processing_element_ws doesn't have a timescale but at least one module in design has a timescale.
WARNING: [XSIM 43-4099] "D:/Yash/KGP/hardware_project/vivado_ws/rtl/processing_element_ws.v" Line 67. Module processing_element_ws doesn't have a timescale but at least one module in design has a timescale.
INFO: [Common 17-14] Message 'XSIM 43-4099' appears 100 times and further instances of the messages will be disabled. Use the Tcl command set_msg_config to change the current settings.
Completed simulation data flow analysis
Time Resolution for simulation is 1ps
Compiling module xil_defaultlib.processing_element_ws
Compiling module xil_defaultlib.systolic_array_core_default
Compiling module xil_defaultlib.tb_systolic_array_core
Compiling module xil_defaultlib.glbl
Built simulation snapshot tb_systolic_array_core_behav
